<?xml version="1.0" encoding="UTF-8"?>
<!-- Generated by org.testng.reporters.JUnitXMLReporter -->
<testsuite ignored="0" hostname="DESKTOP-I9P4HJL" failures="0" tests="3" name="Default test" time="32.07" errors="0" timestamp="2024-04-25T17:22:47 IST">
  <testcase classname="testcasepratice.RegisterFromBase" name="RegesterFail" time="1.602"/>
  <testcase classname="testcasepratice.RegisterFromBase" name="RegesterSuccess" time="1.661"/>
  <testcase classname="testcasepratice.RegisterFromBase" name="RegestrationFailWitoutDetails" time="1.121"/>
</testsuite> <!-- Default test -->
