<?xml version="1.0" encoding="UTF-8"?>
<testng-results ignored="0" total="3" passed="3" failed="0" skipped="0">
  <reporter-output>
  </reporter-output>
  <suite started-at="2024-04-25T17:22:15 IST" name="Default suite" finished-at="2024-04-25T17:22:47 IST" duration-ms="32070">
    <groups>
    </groups>
    <test started-at="2024-04-25T17:22:15 IST" name="Default test" finished-at="2024-04-25T17:22:47 IST" duration-ms="32070">
      <class name="testcasepratice.RegisterFromBase">
        <test-method is-config="true" signature="setup()[pri:0, instance:testcasepratice.RegisterFromBase@58d75e99]" started-at="2024-04-25T17:22:15 IST" name="setup" finished-at="2024-04-25T17:22:27 IST" duration-ms="11870" status="PASS">
          <reporter-output>
          </reporter-output>
        </test-method> <!-- setup -->
        <test-method signature="RegesterFail()[pri:0, instance:testcasepratice.RegisterFromBase@58d75e99]" started-at="2024-04-25T17:22:27 IST" name="RegesterFail" finished-at="2024-04-25T17:22:28 IST" duration-ms="1602" status="PASS">
          <reporter-output>
          </reporter-output>
        </test-method> <!-- RegesterFail -->
        <test-method is-config="true" signature="Quitbrowser()[pri:0, instance:testcasepratice.RegisterFromBase@58d75e99]" started-at="2024-04-25T17:22:28 IST" name="Quitbrowser" finished-at="2024-04-25T17:22:29 IST" duration-ms="626" status="PASS">
          <reporter-output>
          </reporter-output>
        </test-method> <!-- Quitbrowser -->
        <test-method is-config="true" signature="setup()[pri:0, instance:testcasepratice.RegisterFromBase@58d75e99]" started-at="2024-04-25T17:22:29 IST" name="setup" finished-at="2024-04-25T17:22:35 IST" duration-ms="6088" status="PASS">
          <reporter-output>
          </reporter-output>
        </test-method> <!-- setup -->
        <test-method signature="RegesterSuccess()[pri:0, instance:testcasepratice.RegisterFromBase@58d75e99]" started-at="2024-04-25T17:22:35 IST" name="RegesterSuccess" finished-at="2024-04-25T17:22:37 IST" duration-ms="1661" status="PASS">
          <reporter-output>
          </reporter-output>
        </test-method> <!-- RegesterSuccess -->
        <test-method is-config="true" signature="Quitbrowser()[pri:0, instance:testcasepratice.RegisterFromBase@58d75e99]" started-at="2024-04-25T17:22:37 IST" name="Quitbrowser" finished-at="2024-04-25T17:22:37 IST" duration-ms="506" status="PASS">
          <reporter-output>
          </reporter-output>
        </test-method> <!-- Quitbrowser -->
        <test-method is-config="true" signature="setup()[pri:0, instance:testcasepratice.RegisterFromBase@58d75e99]" started-at="2024-04-25T17:22:37 IST" name="setup" finished-at="2024-04-25T17:22:45 IST" duration-ms="8005" status="PASS">
          <reporter-output>
          </reporter-output>
        </test-method> <!-- setup -->
        <test-method signature="RegestrationFailWitoutDetails()[pri:0, instance:testcasepratice.RegisterFromBase@58d75e99]" started-at="2024-04-25T17:22:45 IST" name="RegestrationFailWitoutDetails" finished-at="2024-04-25T17:22:46 IST" duration-ms="1121" status="PASS">
          <reporter-output>
          </reporter-output>
        </test-method> <!-- RegestrationFailWitoutDetails -->
        <test-method is-config="true" signature="Quitbrowser()[pri:0, instance:testcasepratice.RegisterFromBase@58d75e99]" started-at="2024-04-25T17:22:46 IST" name="Quitbrowser" finished-at="2024-04-25T17:22:47 IST" duration-ms="552" status="PASS">
          <reporter-output>
          </reporter-output>
        </test-method> <!-- Quitbrowser -->
      </class> <!-- testcasepratice.RegisterFromBase -->
    </test> <!-- Default test -->
  </suite> <!-- Default suite -->
</testng-results>
